<?xml version="1.0" encoding="UTF-8"?>
<!-- Generated by org.testng.reporters.JUnitXMLReporter -->
<testsuite hostname="DESKTOP-0NJMRIR" name="Default test" tests="3" failures="0" timestamp="13 Aug 2018 16:24:04 GMT" time="0.076" errors="0">
  <testcase name="a" time="0.029" classname="testNG_priority.Priority"/>
  <testcase name="bala" time="0.007" classname="testNG_priority.Priority"/>
  <testcase name="balayya1" time="0.005" classname="testNG_priority.Priority"/>
</testsuite> <!-- Default test -->
