<?xml version="1.0" encoding="UTF-8"?>
<testng-results skipped="0" failed="0" total="3" passed="3">
  <reporter-output>
  </reporter-output>
  <suite name="Default suite" duration-ms="76" started-at="2018-08-13T16:24:04Z" finished-at="2018-08-13T16:24:04Z">
    <groups>
    </groups>
    <test name="Default test" duration-ms="76" started-at="2018-08-13T16:24:04Z" finished-at="2018-08-13T16:24:04Z">
      <class name="testNG_priority.Priority">
        <test-method status="PASS" signature="a()[pri:0, instance:testNG_priority.Priority@7921b0a2]" name="a" duration-ms="29" started-at="2018-08-13T21:54:04Z" finished-at="2018-08-13T21:54:04Z">
          <reporter-output>
          </reporter-output>
        </test-method> <!-- a -->
        <test-method status="PASS" signature="bala()[pri:0, instance:testNG_priority.Priority@7921b0a2]" name="bala" duration-ms="7" started-at="2018-08-13T21:54:04Z" finished-at="2018-08-13T21:54:04Z">
          <reporter-output>
          </reporter-output>
        </test-method> <!-- bala -->
        <test-method status="PASS" signature="balayya1()[pri:0, instance:testNG_priority.Priority@7921b0a2]" name="balayya1" duration-ms="5" started-at="2018-08-13T21:54:04Z" finished-at="2018-08-13T21:54:04Z">
          <reporter-output>
          </reporter-output>
        </test-method> <!-- balayya1 -->
      </class> <!-- testNG_priority.Priority -->
    </test> <!-- Default test -->
  </suite> <!-- Default suite -->
</testng-results>
