<?xml version="1.0" encoding="UTF-8"?>
<testng-results skipped="0" failed="0" total="1" passed="1">
  <reporter-output>
  </reporter-output>
  <suite name="Default suite" duration-ms="18867" started-at="2018-08-01T16:06:37Z" finished-at="2018-08-01T16:06:56Z">
    <groups>
    </groups>
    <test name="Default test" duration-ms="18867" started-at="2018-08-01T16:06:37Z" finished-at="2018-08-01T16:06:56Z">
      <class name="bootstrap_dropdown.Auto_suggestions">
        <test-method status="PASS" signature="ChromeBrowser()[pri:0, instance:bootstrap_dropdown.Auto_suggestions@66d2e7d9]" name="ChromeBrowser" duration-ms="18831" started-at="2018-08-01T21:36:37Z" finished-at="2018-08-01T21:36:56Z">
          <reporter-output>
          </reporter-output>
        </test-method> <!-- ChromeBrowser -->
      </class> <!-- bootstrap_dropdown.Auto_suggestions -->
    </test> <!-- Default test -->
  </suite> <!-- Default suite -->
</testng-results>
